# JRE version: Java(TM) SE Runtime Environment (23.0.2+7) (build 23.0.2+7-58)
# Java VM: Java HotSpot(TM) 64-Bit Server VM (23.0.2+7-58, mixed mode, sharing, tiered, compressed oops, compressed class ptrs, g1 gc, windows-amd64)
GC Precious Log:
 CardTable entry size: 512
 Card Set container configuration: InlinePtr #cards 5 size 8 Array Of Cards #cards 10 size 36 Howl #buckets 4 coarsen threshold 1843 Howl Bitmap #cards 512 size 80 coarsen threshold 460 Card regions per heap region 1 cards per card region 2048
 CPUs: 4 total, 4 available
 Memory: 3834M
 Large Page Support: Disabled
 NUMA Support: Disabled
 Compressed Oops: Enabled (32-bit)
 Heap Region Size: 1M
 Heap Min Capacity: 8M
 Heap Initial Capacity: 60M
 Heap Max Capacity: 2G
 Pre-touch: Disabled
 Parallel Workers: 4
 Concurrent Workers: 1
 Concurrent Refinement Workers: 4
 Periodic GC: Disabled
Heap:
 garbage-first heap   total reserved 2097152K, committed 220160K, used 154119K [0x0000000080000000, 0x0000000100000000)
  region size 1024K, 16 young (16384K), 5 survivors (5120K)
 Metaspace       used 126930K, committed 129472K, reserved 1179648K
  class space    used 16773K, committed 17984K, reserved 1048576K
GC Heap History (20 events):
Event: 73.630 GC heap before
{Heap before GC invocations=47 (full 0):
 garbage-first heap   total reserved 2097152K, committed 176128K, used 150444K [0x0000000080000000, 0x0000000100000000)
  region size 1024K, 49 young (50176K), 4 survivors (4096K)
 Metaspace       used 114666K, committed 116992K, reserved 1179648K
  class space    used 15331K, committed 16448K, reserved 1048576K
}
Event: 73.640 GC heap after
{Heap after GC invocations=48 (full 0):
 garbage-first heap   total reserved 2097152K, committed 176128K, used 107115K [0x0000000080000000, 0x0000000100000000)
  region size 1024K, 6 young (6144K), 6 survivors (6144K)
 Metaspace       used 114666K, committed 116992K, reserved 1179648K
  class space    used 15331K, committed 16448K, reserved 1048576K
}
Event: 77.961 GC heap before
{Heap before GC invocations=48 (full 0):
 garbage-first heap   total reserved 2097152K, committed 176128K, used 158315K [0x0000000080000000, 0x0000000100000000)
  region size 1024K, 57 young (58368K), 6 survivors (6144K)
 Metaspace       used 114674K, committed 117056K, reserved 1179648K
  class space    used 15332K, committed 16448K, reserved 1048576K
}
Event: 78.000 GC heap after
{Heap after GC invocations=49 (full 0):
 garbage-first heap   total reserved 2097152K, committed 176128K, used 96627K [0x0000000080000000, 0x0000000100000000)
  region size 1024K, 6 young (6144K), 6 survivors (6144K)
 Metaspace       used 114674K, committed 117056K, reserved 1179648K
  class space    used 15332K, committed 16448K, reserved 1048576K
}
Event: 79.563 GC heap before
{Heap before GC invocations=49 (full 0):
 garbage-first heap   total reserved 2097152K, committed 176128K, used 159091K [0x0000000080000000, 0x0000000100000000)
  region size 1024K, 65 young (66560K), 6 survivors (6144K)
 Metaspace       used 114830K, committed 117184K, reserved 1179648K
  class space    used 15352K, committed 16448K, reserved 1048576K
}
Event: 79.587 GC heap after
{Heap after GC invocations=50 (full 0):
 garbage-first heap   total reserved 2097152K, committed 176128K, used 102400K [0x0000000080000000, 0x0000000100000000)
  region size 1024K, 9 young (9216K), 9 survivors (9216K)
 Metaspace       used 114830K, committed 117184K, reserved 1179648K
  class space    used 15352K, committed 16448K, reserved 1048576K
}
Event: 79.614 GC heap before
{Heap before GC invocations=50 (full 0):
 garbage-first heap   total reserved 2097152K, committed 176128K, used 102400K [0x0000000080000000, 0x0000000100000000)
  region size 1024K, 10 young (10240K), 9 survivors (9216K)
 Metaspace       used 114830K, committed 117184K, reserved 1179648K
  class space    used 15352K, committed 16448K, reserved 1048576K
}
Event: 79.630 GC heap after
{Heap after GC invocations=51 (full 0):
 garbage-first heap   total reserved 2097152K, committed 176128K, used 104035K [0x0000000080000000, 0x0000000100000000)
  region size 1024K, 2 young (2048K), 2 survivors (2048K)
 Metaspace       used 114830K, committed 117184K, reserved 1179648K
  class space    used 15352K, committed 16448K, reserved 1048576K
}
Event: 80.393 GC heap before
{Heap before GC invocations=52 (full 0):
 garbage-first heap   total reserved 2097152K, committed 176128K, used 158307K [0x0000000080000000, 0x0000000100000000)
  region size 1024K, 51 young (52224K), 2 survivors (2048K)
 Metaspace       used 114837K, committed 117184K, reserved 1179648K
  class space    used 15352K, committed 16448K, reserved 1048576K
}
Event: 80.415 GC heap after
{Heap after GC invocations=53 (full 0):
 garbage-first heap   total reserved 2097152K, committed 176128K, used 114688K [0x0000000080000000, 0x0000000100000000)
  region size 1024K, 7 young (7168K), 7 survivors (7168K)
 Metaspace       used 114837K, committed 117184K, reserved 1179648K
  class space    used 15352K, committed 16448K, reserved 1048576K
}
Event: 81.179 GC heap before
{Heap before GC invocations=53 (full 0):
 garbage-first heap   total reserved 2097152K, committed 176128K, used 163840K [0x0000000080000000, 0x0000000100000000)
  region size 1024K, 46 young (47104K), 7 survivors (7168K)
 Metaspace       used 114925K, committed 117248K, reserved 1179648K
  class space    used 15352K, committed 16448K, reserved 1048576K
}
Event: 81.215 GC heap after
{Heap after GC invocations=54 (full 0):
 garbage-first heap   total reserved 2097152K, committed 181248K, used 123392K [0x0000000080000000, 0x0000000100000000)
  region size 1024K, 6 young (6144K), 6 survivors (6144K)
 Metaspace       used 114925K, committed 117248K, reserved 1179648K
  class space    used 15352K, committed 16448K, reserved 1048576K
}
Event: 88.230 GC heap before
{Heap before GC invocations=54 (full 0):
 garbage-first heap   total reserved 2097152K, committed 181248K, used 159232K [0x0000000080000000, 0x0000000100000000)
  region size 1024K, 42 young (43008K), 6 survivors (6144K)
 Metaspace       used 115412K, committed 117760K, reserved 1179648K
  class space    used 15359K, committed 16448K, reserved 1048576K
}
Event: 88.259 GC heap after
{Heap after GC invocations=55 (full 0):
 garbage-first heap   total reserved 2097152K, committed 181248K, used 129596K [0x0000000080000000, 0x0000000100000000)
  region size 1024K, 6 young (6144K), 6 survivors (6144K)
 Metaspace       used 115412K, committed 117760K, reserved 1179648K
  class space    used 15359K, committed 16448K, reserved 1048576K
}
Event: 95.169 GC heap before
{Heap before GC invocations=56 (full 0):
 garbage-first heap   total reserved 2097152K, committed 220160K, used 167484K [0x0000000080000000, 0x0000000100000000)
  region size 1024K, 38 young (38912K), 6 survivors (6144K)
 Metaspace       used 117405K, committed 119744K, reserved 1179648K
  class space    used 15619K, committed 16704K, reserved 1048576K
}
Event: 95.185 GC heap after
{Heap after GC invocations=57 (full 0):
 garbage-first heap   total reserved 2097152K, committed 220160K, used 139838K [0x0000000080000000, 0x0000000100000000)
  region size 1024K, 5 young (5120K), 5 survivors (5120K)
 Metaspace       used 117405K, committed 119744K, reserved 1179648K
  class space    used 15619K, committed 16704K, reserved 1048576K
}
Event: 97.990 GC heap before
{Heap before GC invocations=57 (full 0):
 garbage-first heap   total reserved 2097152K, committed 220160K, used 194110K [0x0000000080000000, 0x0000000100000000)
  region size 1024K, 58 young (59392K), 5 survivors (5120K)
 Metaspace       used 122701K, committed 125120K, reserved 1179648K
  class space    used 16174K, committed 17280K, reserved 1048576K
}
Event: 98.017 GC heap after
{Heap after GC invocations=58 (full 0):
 garbage-first heap   total reserved 2097152K, committed 220160K, used 139264K [0x0000000080000000, 0x0000000100000000)
  region size 1024K, 2 young (2048K), 2 survivors (2048K)
 Metaspace       used 122701K, committed 125120K, reserved 1179648K
  class space    used 16174K, committed 17280K, reserved 1048576K
}
Event: 99.666 GC heap before
{Heap before GC invocations=58 (full 0):
 garbage-first heap   total reserved 2097152K, committed 220160K, used 163840K [0x0000000080000000, 0x0000000100000000)
  region size 1024K, 27 young (27648K), 2 survivors (2048K)
 Metaspace       used 126924K, committed 129472K, reserved 1179648K
  class space    used 16773K, committed 17984K, reserved 1048576K
}
Event: 99.672 GC heap after
{Heap after GC invocations=59 (full 0):
 garbage-first heap   total reserved 2097152K, committed 220160K, used 141831K [0x0000000080000000, 0x0000000100000000)
  region size 1024K, 5 young (5120K), 5 survivors (5120K)
 Metaspace       used 126924K, committed 129472K, reserved 1179648K
  class space    used 16773K, committed 17984K, reserved 1048576K
}

